<?xml version="1.0" encoding="UTF-8"?>
<!-- Generated by org.testng.reporters.JUnitReportReporter -->
<testsuite hostname="DESKTOP-DPF45BV" failures="0" tests="1" name="testNG.AssertEqualsBoolean" time="26.121" errors="0" timestamp="21 Apr 2019 11:32:38 GMT" skipped="0">
  <testcase classname="testNG.AssertEqualsBoolean" name="textBox" time="26.121"/>
</testsuite> <!-- testNG.AssertEqualsBoolean -->
