<?xml version="1.0" encoding="UTF-8"?>
<!-- Generated by org.testng.reporters.JUnitReportReporter -->
<testsuite hostname="DESKTOP-DPF45BV" failures="0" tests="1" name="testNG.AssertEquals3" time="11.778" errors="0" timestamp="21 Apr 2019 13:00:00 GMT" skipped="0">
  <testcase classname="testNG.AssertEquals3" name="verifyDropDown" time="11.778"/>
</testsuite> <!-- testNG.AssertEquals3 -->
