<?xml version="1.0" encoding="UTF-8"?>
<!-- Generated by org.testng.reporters.JUnitReportReporter -->
<testsuite hostname="DESKTOP-DPF45BV" failures="0" tests="5" name="dataDrivenFrameWork.TC01_CreateEmployee" time="75.855" errors="0" timestamp="30 May 2019 15:32:32 GMT" skipped="0">
  <testcase classname="dataDrivenFrameWork.TC01_CreateEmployee" name="createemployee" time="15.250"/>
  <testcase classname="dataDrivenFrameWork.TC01_CreateEmployee" name="createemployee" time="14.972"/>
  <testcase classname="dataDrivenFrameWork.TC01_CreateEmployee" name="createemployee" time="15.990"/>
  <testcase classname="dataDrivenFrameWork.TC01_CreateEmployee" name="createemployee" time="14.982"/>
  <testcase classname="dataDrivenFrameWork.TC01_CreateEmployee" name="createemployee" time="14.661"/>
</testsuite> <!-- dataDrivenFrameWork.TC01_CreateEmployee -->
