<?xml version="1.0" encoding="UTF-8"?>
<!-- Generated by org.testng.reporters.JUnitReportReporter -->
<testsuite hostname="DESKTOP-DPF45BV" failures="0" tests="1" name="testNG.Demo1" time="0.016" errors="0" timestamp="20 Apr 2019 10:08:31 GMT" skipped="0">
  <testcase classname="testNG.Demo1" name="createEmployee" time="0.016"/>
</testsuite> <!-- testNG.Demo1 -->
