<?xml version="1.0" encoding="UTF-8"?>
<!-- Generated by org.testng.reporters.JUnitReportReporter -->
<testsuite hostname="DESKTOP-DPF45BV" failures="0" tests="1" name="Com.Automation.TakesScreenShot" time="4.928" errors="0" timestamp="16 Jun 2019 14:25:20 GMT" skipped="0">
  <testcase classname="Com.Automation.TakesScreenShot" name="mainmethod" time="4.928"/>
</testsuite> <!-- Com.Automation.TakesScreenShot -->
