<?xml version="1.0" encoding="UTF-8"?>
<!-- Generated by org.testng.reporters.JUnitReportReporter -->
<testsuite hostname="DESKTOP-DPF45BV" failures="0" tests="4" name="testNG.DataProvider" time="60.523" errors="0" timestamp="26 Apr 2019 17:00:56 GMT" skipped="0">
  <testcase classname="testNG.DataProvider" name="login" time="20.712"/>
  <testcase classname="testNG.DataProvider" name="login" time="12.623"/>
  <testcase classname="testNG.DataProvider" name="login" time="16.380"/>
  <testcase classname="testNG.DataProvider" name="login" time="10.808"/>
</testsuite> <!-- testNG.DataProvider -->
